<?xml version="1.0" encoding="UTF-8"?>
<testng-results skipped="0" failed="0" ignored="0" total="1" passed="1">
  <reporter-output>
  </reporter-output>
  <suite name="Default suite" duration-ms="5714" started-at="2020-08-27T08:11:22Z" finished-at="2020-08-27T08:11:28Z">
    <groups>
    </groups>
    <test name="Default test" duration-ms="5714" started-at="2020-08-27T08:11:22Z" finished-at="2020-08-27T08:11:28Z">
      <class name="in.novopay.Training.PricingSetupDetailsTest">
        <test-method status="PASS" signature="test()[pri:0, instance:in.novopay.Training.PricingSetupDetailsTest@d2cc05a]" name="test" duration-ms="5683" started-at="2020-08-27T13:41:22Z" finished-at="2020-08-27T13:41:28Z">
          <reporter-output>
          </reporter-output>
        </test-method> <!-- test -->
      </class> <!-- in.novopay.Training.PricingSetupDetailsTest -->
    </test> <!-- Default test -->
  </suite> <!-- Default suite -->
</testng-results>
